<?xml version="1.0" encoding="UTF-8"?>
<testng-results skipped="0" failed="0" total="1" passed="1">
  <reporter-output>
  </reporter-output>
  <suite name="Suite" duration-ms="18075" started-at="2019-06-10T12:03:02Z" finished-at="2019-06-10T12:03:21Z">
    <groups>
    </groups>
    <test name="Test" duration-ms="18075" started-at="2019-06-10T12:03:02Z" finished-at="2019-06-10T12:03:21Z">
      <class name="com.web.project.Test99GuruLogin">
        <test-method status="PASS" signature="test_Home_Page_Appear_Correct()[pri:0, instance:com.web.project.Test99GuruLogin@3b6ddd1d]" name="test_Home_Page_Appear_Correct" duration-ms="18028" started-at="2019-06-10T17:33:02Z" finished-at="2019-06-10T17:33:21Z">
          <reporter-output>
          </reporter-output>
        </test-method> <!-- test_Home_Page_Appear_Correct -->
      </class> <!-- com.web.project.Test99GuruLogin -->
    </test> <!-- Test -->
  </suite> <!-- Suite -->
</testng-results>
